<?xml version="1.0" encoding="UTF-8"?>
<!-- Generated by org.testng.reporters.JUnitReportReporter -->
<testsuite skipped="0" hostname="mitrais-3.local" name="sampleproject.BaseClass" tests="2" failures="0" timestamp="2020-02-28T10:37:52 WIB" time="0.069" errors="1">
  <testcase name="teardown" time="0.063" classname="sampleproject.BaseClass">
    <error type="org.openqa.selenium.WebDriverException" message="Method is not implemented
Build info: version: &#039;3.141.59&#039;, revision: &#039;e82be7d358&#039;, time: &#039;2018-11-14T08:17:03&#039;
System info: host: &#039;mitrais-3.local&#039;, ip: &#039;fe80:0:0:0:1c94:d035:8af9:4996%en0&#039;, os.name: &#039;Mac OS X&#039;, os.arch: &#039;x86_64&#039;, os.version: &#039;10.15.3&#039;, java.version: &#039;1.8.0_121&#039;
Driver info: io.appium.java_client.AppiumDriver
Capabilities {browserName: , bundleId: com.WB.BooksFind, databaseEnabled: false, deviceName: MTMD13, javascriptEnabled: true, locationContextEnabled: false, networkConnectionEnabled: false, platform: MAC, platformName: IOS, platformVersion: 10.2, takesScreenshot: true, udid: 9a5e8c7c8a10e3c171396d1d6d9..., updateWDABundleId: com.mrahmanh123.WebDriverAg..., webStorageEnabled: false, xcodeOrgId: D7478R27YW, xcodeSigningId: iPhone Developer}
Session ID: 7557677d-6e10-43c0-a3a5-0a24ed85d2ce">
      <![CDATA[org.openqa.selenium.WebDriverException: Method is not implemented
Build info: version: '3.141.59', revision: 'e82be7d358', time: '2018-11-14T08:17:03'
System info: host: 'mitrais-3.local', ip: 'fe80:0:0:0:1c94:d035:8af9:4996%en0', os.name: 'Mac OS X', os.arch: 'x86_64', os.version: '10.15.3', java.version: '1.8.0_121'
Driver info: io.appium.java_client.AppiumDriver
Capabilities {browserName: , bundleId: com.WB.BooksFind, databaseEnabled: false, deviceName: MTMD13, javascriptEnabled: true, locationContextEnabled: false, networkConnectionEnabled: false, platform: MAC, platformName: IOS, platformVersion: 10.2, takesScreenshot: true, udid: 9a5e8c7c8a10e3c171396d1d6d9..., updateWDABundleId: com.mrahmanh123.WebDriverAg..., webStorageEnabled: false, xcodeOrgId: D7478R27YW, xcodeSigningId: iPhone Developer}
Session ID: 7557677d-6e10-43c0-a3a5-0a24ed85d2ce
at sun.reflect.NativeConstructorAccessorImpl.newInstance0(Native Method)
at sun.reflect.NativeConstructorAccessorImpl.newInstance(NativeConstructorAccessorImpl.java:62)
at sun.reflect.DelegatingConstructorAccessorImpl.newInstance(DelegatingConstructorAccessorImpl.java:45)
at java.lang.reflect.Constructor.newInstance(Constructor.java:423)
at org.openqa.selenium.remote.http.W3CHttpResponseCodec.createException(W3CHttpResponseCodec.java:187)
at org.openqa.selenium.remote.http.W3CHttpResponseCodec.decode(W3CHttpResponseCodec.java:122)
at org.openqa.selenium.remote.http.W3CHttpResponseCodec.decode(W3CHttpResponseCodec.java:49)
at org.openqa.selenium.remote.HttpCommandExecutor.execute(HttpCommandExecutor.java:158)
at io.appium.java_client.remote.AppiumCommandExecutor.execute(AppiumCommandExecutor.java:239)
at org.openqa.selenium.remote.RemoteWebDriver.execute(RemoteWebDriver.java:552)
at io.appium.java_client.DefaultGenericMobileDriver.execute(DefaultGenericMobileDriver.java:45)
at io.appium.java_client.AppiumDriver.execute(AppiumDriver.java:1)
at org.openqa.selenium.remote.RemoteWebDriver.close(RemoteWebDriver.java:442)
at sampleproject.BaseClass.teardown(BaseClass.java:74)
at sun.reflect.NativeMethodAccessorImpl.invoke0(Native Method)
at sun.reflect.NativeMethodAccessorImpl.invoke(NativeMethodAccessorImpl.java:62)
at sun.reflect.DelegatingMethodAccessorImpl.invoke(DelegatingMethodAccessorImpl.java:43)
at java.lang.reflect.Method.invoke(Method.java:498)
at org.testng.internal.MethodInvocationHelper.invokeMethod(MethodInvocationHelper.java:134)
at org.testng.internal.MethodInvocationHelper.invokeMethodConsideringTimeout(MethodInvocationHelper.java:63)
at org.testng.internal.ConfigInvoker.invokeConfigurationMethod(ConfigInvoker.java:348)
at org.testng.internal.ConfigInvoker.invokeConfigurations(ConfigInvoker.java:302)
at org.testng.TestRunner.invokeTestConfigurations(TestRunner.java:619)
at org.testng.TestRunner.afterRun(TestRunner.java:849)
at org.testng.TestRunner.run(TestRunner.java:590)
at org.testng.SuiteRunner.runTest(SuiteRunner.java:384)
at org.testng.SuiteRunner.runSequentially(SuiteRunner.java:378)
at org.testng.SuiteRunner.privateRun(SuiteRunner.java:337)
at org.testng.SuiteRunner.run(SuiteRunner.java:286)
at org.testng.SuiteRunnerWorker.runSuite(SuiteRunnerWorker.java:53)
at org.testng.SuiteRunnerWorker.run(SuiteRunnerWorker.java:96)
at org.testng.TestNG.runSuitesSequentially(TestNG.java:1187)
at org.testng.TestNG.runSuitesLocally(TestNG.java:1109)
at org.testng.TestNG.runSuites(TestNG.java:1039)
at org.testng.TestNG.run(TestNG.java:1007)
at org.testng.remote.AbstractRemoteTestNG.run(AbstractRemoteTestNG.java:115)
at org.testng.remote.RemoteTestNG.initAndRun(RemoteTestNG.java:251)
at org.testng.remote.RemoteTestNG.main(RemoteTestNG.java:77)
]]>
    </error>
  </testcase> <!-- teardown -->
  <system-out/>
  <testcase name="sampleTest" time="0.006" classname="sampleproject.BaseClass"/>
  <system-out/>
</testsuite> <!-- sampleproject.BaseClass -->
